<?xml version="1.0" encoding="UTF-8"?>
<!-- Generated by org.testng.reporters.JUnitXMLReporter -->
<testsuite ignored="0" hostname="BASTET" failures="1" tests="1" name="Account Overview" time="15.787" errors="0" timestamp="2025-05-09T21:17:25 EEST">
  <testcase classname="tests.AccountOverviewTest" name="testAccountNavigation" time="7.395">
    <failure type="java.lang.AssertionError" message="Account details page did not load after clicking account link expected [true] but found [false]">
      <![CDATA[java.lang.AssertionError: Account details page did not load after clicking account link expected [true] but found [false]
at tests.AccountOverviewTest.testAccountNavigation(AccountOverviewTest.java:25)
at java.base/java.util.ArrayList.forEach(ArrayList.java:1596)
... Removed 28 stack frames]]>
    </failure>
  </testcase> <!-- testAccountNavigation -->
</testsuite> <!-- Account Overview -->
