<?xml version="1.0" encoding="UTF-8"?>
<!-- Generated by org.testng.reporters.JUnitXMLReporter -->
<testsuite ignored="0" hostname="BASTET" failures="1" tests="4" name="Registration Tests" time="41.492" errors="0" timestamp="2025-05-09T18:05:49 EEST">
  <testcase classname="tests.RegistrationTest" name="verifyRegistrationPageLoads" time="0.1"/>
  <testcase classname="tests.RegistrationTest" name="testValidRegistration" time="6.814">
    <failure type="java.lang.AssertionError" message="Registration success message not shown expected [true] but found [false]">
      <![CDATA[java.lang.AssertionError: Registration success message not shown expected [true] but found [false]
at tests.RegistrationTest.testValidRegistration(RegistrationTest.java:38)
at java.base/java.util.ArrayList.forEach(ArrayList.java:1596)
... Removed 28 stack frames]]>
    </failure>
  </testcase> <!-- testValidRegistration -->
  <testcase classname="tests.RegistrationTest" name="testMissingMandatoryFields" time="1.694"/>
  <testcase classname="tests.RegistrationTest" name="testDuplicateUsername" time="0.0">
    <skipped/>
  </testcase> <!-- testDuplicateUsername -->
</testsuite> <!-- Registration Tests -->
