<!DOCTYPE html PUBLIC "-//W3C//DTD XHTML 1.1//EN" "https://www.w3.org/TR/xhtml11/DTD/xhtml11.dtd">
<html xmlns="https://www.w3.org/1999/xhtml">
<head>
<meta http-equiv="content-type" content="text/html; charset=UTF-8"/>
<title>TestNG Report</title>
<style type="text/css">table {margin-bottom:10px;border-collapse:collapse;empty-cells:show}th,td {border:1px solid #009;padding:.25em .5em}th {vertical-align:bottom}td {vertical-align:top}table a {font-weight:bold}.stripe td {background-color: #E6EBF9}.num {text-align:right}.passedodd td {background-color: #3F3}.passedeven td {background-color: #0A0}.skippedodd td {background-color: #DDD}.skippedeven td {background-color: #CCC}.failedodd td,.attn {background-color: #F33}.failedeven td,.stripe .attn {background-color: #D00}.stacktrace {white-space:pre;font-family:monospace}.totop {font-size:85%;text-align:center;border-bottom:2px solid #000}.invisible {display:none}</style>
</head>
<body>
<table>
<tr><th>Test</th><th># Passed</th><th># Skipped</th><th># Retried</th><th># Failed</th><th>Time (ms)</th><th>Included Groups</th><th>Excluded Groups</th></tr>
<tr><th colspan="8">Parabank Tests</th></tr>
<tr><td><a href="#t0">Registration</a></td><td class="num">4</td><td class="num">0</td><td class="num">0</td><td class="num">0</td><td class="num">36,178</td><td></td><td></td></tr>
<tr class="stripe"><td><a href="#t1">Login</a></td><td class="num">3</td><td class="num">0</td><td class="num">0</td><td class="num attn">1</td><td class="num">32,123</td><td></td><td></td></tr>
<tr><td><a href="#t2">Open Account</a></td><td class="num">2</td><td class="num">0</td><td class="num">0</td><td class="num attn">4</td><td class="num">49,199</td><td></td><td></td></tr>
<tr><th>Total</th><th class="num">9</th><th class="num">0</th><th class="num">0</th><th class="num attn">5</th><th class="num">117,500</th><th colspan="2"></th></tr>
</table>
<table id='summary'><thead><tr><th>Class</th><th>Method</th><th>Start</th><th>Time (ms)</th></tr></thead><tbody><tr><th colspan="4">Parabank Tests</th></tr></tbody><tbody id="t0"><tr><th colspan="4">Registration &#8212; passed</th></tr><tr class="passedeven"><td rowspan="4">tests.RegistrationTest</td><td><a href="#m0">testDuplicateUsername</a></td><td rowspan="1">1746826425994</td><td rowspan="1">1467</td></tr><tr class="passedeven"><td><a href="#m1">testMissingMandatoryFields</a></td><td rowspan="1">1746826417748</td><td rowspan="1">1445</td></tr><tr class="passedeven"><td><a href="#m2">testValidRegistration</a></td><td rowspan="1">1746826409058</td><td rowspan="1">1474</td></tr><tr class="passedeven"><td><a href="#m3">verifyRegistrationPageLoads</a></td><td rowspan="1">1746826401705</td><td rowspan="1">90</td></tr></tbody>
<tbody id="t1"><tr><th colspan="4">Login &#8212; failed</th></tr><tr class="failedeven"><td rowspan="1">tests.LoginTest</td><td><a href="#m4">testErrorMessageContent</a></td><td rowspan="1">1746826458733</td><td rowspan="1">704</td></tr><tr><th colspan="4">Login &#8212; passed</th></tr><tr class="passedeven"><td rowspan="3">tests.LoginTest</td><td><a href="#m5">testBlankCredentials</a></td><td rowspan="1">1746826451299</td><td rowspan="1">512</td></tr><tr class="passedeven"><td><a href="#m6">testInvalidLogin</a></td><td rowspan="1">1746826443163</td><td rowspan="1">653</td></tr><tr class="passedeven"><td><a href="#m7">testValidLogin</a></td><td rowspan="1">1746826434603</td><td rowspan="1">1518</td></tr></tbody>
<tbody id="t2"><tr><th colspan="4">Open Account &#8212; failed</th></tr><tr class="failedeven"><td rowspan="4">tests.OpenAccountTest</td><td><a href="#m8">TC13_OpenCheckingAccount</a></td><td rowspan="1">1746826475196</td><td rowspan="1">821</td></tr><tr class="failedeven"><td><a href="#m9">TC14_VerifyAccountInOverview</a></td><td rowspan="1">1746826483381</td><td rowspan="1">476</td></tr><tr class="failedeven"><td><a href="#m10">TC16_TransferFunds</a></td><td rowspan="1">1746826500791</td><td rowspan="1">560</td></tr><tr class="failedeven"><td><a href="#m11">TC17_TransferValidation</a></td><td rowspan="1">1746826508409</td><td rowspan="1">455</td></tr><tr><th colspan="4">Open Account &#8212; passed</th></tr><tr class="passedeven"><td rowspan="2">tests.OpenAccountTest</td><td><a href="#m12">TC12_NavigateToOpenAccountPage</a></td><td rowspan="1">1746826467225</td><td rowspan="1">691</td></tr><tr class="passedeven"><td><a href="#m13">TC15_NavigateToTransferFunds</a></td><td rowspan="1">1746826492824</td><td rowspan="1">367</td></tr></tbody>
</table>
<h2>Registration</h2><h3 id="m0">tests.RegistrationTest#testDuplicateUsername</h3><table class="result"><tr><th class="invisible"/></tr></table><p class="totop"><a href="#summary">back to summary</a></p>
<h3 id="m1">tests.RegistrationTest#testMissingMandatoryFields</h3><table class="result"><tr><th class="invisible"/></tr></table><p class="totop"><a href="#summary">back to summary</a></p>
<h3 id="m2">tests.RegistrationTest#testValidRegistration</h3><table class="result"><tr><th class="invisible"/></tr></table><p class="totop"><a href="#summary">back to summary</a></p>
<h3 id="m3">tests.RegistrationTest#verifyRegistrationPageLoads</h3><table class="result"><tr><th class="invisible"/></tr></table><p class="totop"><a href="#summary">back to summary</a></p>
<h2>Login</h2><h3 id="m4">tests.LoginTest#testErrorMessageContent</h3><table class="result"><tr><th>Exception</th></tr><tr><td><div class="stacktrace">java.lang.AssertionError: Error message text not as expected. Actual: The username and password could not be verified. expected [true] but found [false]
	at tests.LoginTest.testErrorMessageContent(LoginTest.java:46)
	at java.base/java.util.ArrayList.forEach(ArrayList.java:1596)
... Removed 28 stack frames</div></td></tr></table><p class="totop"><a href="#summary">back to summary</a></p>
<h3 id="m5">tests.LoginTest#testBlankCredentials</h3><table class="result"><tr><th class="invisible"/></tr></table><p class="totop"><a href="#summary">back to summary</a></p>
<h3 id="m6">tests.LoginTest#testInvalidLogin</h3><table class="result"><tr><th class="invisible"/></tr></table><p class="totop"><a href="#summary">back to summary</a></p>
<h3 id="m7">tests.LoginTest#testValidLogin</h3><table class="result"><tr><th class="invisible"/></tr></table><p class="totop"><a href="#summary">back to summary</a></p>
<h2>Open Account</h2><h3 id="m8">tests.OpenAccountTest#TC13_OpenCheckingAccount</h3><table class="result"><tr><th>Exception</th></tr><tr><td><div class="stacktrace">org.openqa.selenium.NoSuchElementException: Cannot locate option with index: 0
For documentation on this error, please visit: https://www.selenium.dev/documentation/webdriver/troubleshooting/errors#no-such-element-exception
Build info: version: &apos;4.31.0&apos;, revision: &apos;4ae8fc9f8a&apos;
System info: os.name: &apos;Windows 11&apos;, os.arch: &apos;amd64&apos;, os.version: &apos;10.0&apos;, java.version: &apos;21.0.6&apos;
Driver info: driver.version: unknown
	at org.openqa.selenium.support.ui.Select.setSelectedByIndex(Select.java:407)
	at org.openqa.selenium.support.ui.Select.selectByIndex(Select.java:262)
	at pages.OpenAccountPage.selectFirstAccount(OpenAccountPage.java:31)
	at tests.OpenAccountTest.TC13_OpenCheckingAccount(OpenAccountTest.java:29)
	at java.base/java.util.ArrayList.forEach(ArrayList.java:1596)
... Removed 25 stack frames</div></td></tr></table><p class="totop"><a href="#summary">back to summary</a></p>
<h3 id="m9">tests.OpenAccountTest#TC14_VerifyAccountInOverview</h3><table class="result"><tr><th>Exception</th></tr><tr><td><div class="stacktrace">org.openqa.selenium.NoSuchElementException: Cannot locate option with index: 0
For documentation on this error, please visit: https://www.selenium.dev/documentation/webdriver/troubleshooting/errors#no-such-element-exception
Build info: version: &apos;4.31.0&apos;, revision: &apos;4ae8fc9f8a&apos;
System info: os.name: &apos;Windows 11&apos;, os.arch: &apos;amd64&apos;, os.version: &apos;10.0&apos;, java.version: &apos;21.0.6&apos;
Driver info: driver.version: unknown
	at org.openqa.selenium.support.ui.Select.setSelectedByIndex(Select.java:407)
	at org.openqa.selenium.support.ui.Select.selectByIndex(Select.java:262)
	at pages.OpenAccountPage.selectFirstAccount(OpenAccountPage.java:31)
	at tests.OpenAccountTest.TC14_VerifyAccountInOverview(OpenAccountTest.java:39)
	at java.base/java.util.ArrayList.forEach(ArrayList.java:1596)
... Removed 25 stack frames</div></td></tr></table><p class="totop"><a href="#summary">back to summary</a></p>
<h3 id="m10">tests.OpenAccountTest#TC16_TransferFunds</h3><table class="result"><tr><th>Exception</th></tr><tr><td><div class="stacktrace">java.lang.AssertionError: Transfer failed expected [true] but found [false]
	at tests.OpenAccountTest.TC16_TransferFunds(OpenAccountTest.java:61)
	at java.base/java.util.ArrayList.forEach(ArrayList.java:1596)
... Removed 28 stack frames</div></td></tr></table><p class="totop"><a href="#summary">back to summary</a></p>
<h3 id="m11">tests.OpenAccountTest#TC17_TransferValidation</h3><table class="result"><tr><th>Exception</th></tr><tr><td><div class="stacktrace">org.openqa.selenium.NoSuchElementException: no such element: Unable to locate element: {&quot;method&quot;:&quot;xpath&quot;,&quot;selector&quot;:&quot;//span[@id=&apos;amount.errors&apos;]&quot;}
  (Session info: chrome=136.0.7103.93)
For documentation on this error, please visit: https://www.selenium.dev/documentation/webdriver/troubleshooting/errors#no-such-element-exception
Build info: version: &apos;4.31.0&apos;, revision: &apos;4ae8fc9f8a&apos;
System info: os.name: &apos;Windows 11&apos;, os.arch: &apos;amd64&apos;, os.version: &apos;10.0&apos;, java.version: &apos;21.0.6&apos;
Driver info: org.openqa.selenium.chrome.ChromeDriver
Command: [59bdc9cb34a2ae23472014f595f7a0bf, findElement {value=//span[@id=&apos;amount.errors&apos;], using=xpath}]
Capabilities {acceptInsecureCerts: false, browserName: chrome, browserVersion: 136.0.7103.93, chrome: {chromedriverVersion: 135.0.7049.95 (de2eb485a195..., userDataDir: C:\Users\Roaa\AppData\Local...}, fedcm:accounts: true, goog:chromeOptions: {debuggerAddress: localhost:64326}, networkConnectionEnabled: false, pageLoadStrategy: normal, platformName: windows, proxy: Proxy(), se:cdp: ws://localhost:64326/devtoo..., se:cdpVersion: 136.0.7103.93, setWindowRect: true, strictFileInteractability: false, timeouts: {implicit: 0, pageLoad: 300000, script: 30000}, unhandledPromptBehavior: dismiss and notify, webauthn:extension:credBlob: true, webauthn:extension:largeBlob: true, webauthn:extension:minPinLength: true, webauthn:extension:prf: true, webauthn:virtualAuthenticators: true}
Session ID: 59bdc9cb34a2ae23472014f595f7a0bf
	at org.openqa.selenium.remote.ErrorCodec.decode(ErrorCodec.java:167)
	at org.openqa.selenium.remote.codec.w3c.W3CHttpResponseCodec.decode(W3CHttpResponseCodec.java:138)
	at org.openqa.selenium.remote.codec.w3c.W3CHttpResponseCodec.decode(W3CHttpResponseCodec.java:50)
	at org.openqa.selenium.remote.HttpCommandExecutor.execute(HttpCommandExecutor.java:215)
	at org.openqa.selenium.remote.service.DriverCommandExecutor.invokeExecute(DriverCommandExecutor.java:216)
	at org.openqa.selenium.remote.service.DriverCommandExecutor.execute(DriverCommandExecutor.java:174)
	at org.openqa.selenium.remote.RemoteWebDriver.execute(RemoteWebDriver.java:545)
	at org.openqa.selenium.remote.ElementLocation$ElementFinder$2.findElement(ElementLocation.java:165)
	at org.openqa.selenium.remote.ElementLocation.findElement(ElementLocation.java:59)
	at org.openqa.selenium.remote.RemoteWebDriver.findElement(RemoteWebDriver.java:368)
	at org.openqa.selenium.remote.RemoteWebDriver.findElement(RemoteWebDriver.java:362)
	at tests.OpenAccountTest.TC17_TransferValidation(OpenAccountTest.java:69)
	at java.base/java.util.ArrayList.forEach(ArrayList.java:1596)
... Removed 28 stack frames</div></td></tr></table><p class="totop"><a href="#summary">back to summary</a></p>
<h3 id="m12">tests.OpenAccountTest#TC12_NavigateToOpenAccountPage</h3><table class="result"><tr><th class="invisible"/></tr></table><p class="totop"><a href="#summary">back to summary</a></p>
<h3 id="m13">tests.OpenAccountTest#TC15_NavigateToTransferFunds</h3><table class="result"><tr><th class="invisible"/></tr></table><p class="totop"><a href="#summary">back to summary</a></p>
</body>
</html>
