<?xml version="1.0" encoding="UTF-8"?>
<testng-results ignored="0" total="14" passed="9" failed="5" skipped="0">
  <reporter-output>
  </reporter-output>
  <suite started-at="2025-05-10T00:33:14 EEST" name="Parabank Tests" finished-at="2025-05-10T00:35:12 EEST" duration-ms="117576">
    <groups>
    </groups>
    <test started-at="2025-05-10T00:33:14 EEST" name="Registration" finished-at="2025-05-10T00:33:50 EEST" duration-ms="36178">
      <class name="tests.RegistrationTest">
        <test-method is-config="true" signature="setUp(java.lang.String)[pri:0, instance:tests.RegistrationTest@700fb871]" started-at="2025-05-10T00:33:14 EEST" name="setUp" finished-at="2025-05-10T00:33:21 EEST" duration-ms="6495" status="PASS">
          <params>
            <param index="0">
              <value>
                <![CDATA[chrome]]>
              </value>
            </param>
          </params>
          <reporter-output>
          </reporter-output>
        </test-method> <!-- setUp -->
        <test-method is-config="true" signature="navigateToRegistration()[pri:0, instance:tests.RegistrationTest@700fb871]" started-at="2025-05-10T00:33:21 EEST" name="navigateToRegistration" finished-at="2025-05-10T00:33:21 EEST" duration-ms="439" status="PASS">
          <reporter-output>
          </reporter-output>
        </test-method> <!-- navigateToRegistration -->
        <test-method signature="verifyRegistrationPageLoads()[pri:1, instance:tests.RegistrationTest@700fb871]" started-at="2025-05-10T00:33:21 EEST" name="verifyRegistrationPageLoads" description="TC05: Navigate to registration page" finished-at="2025-05-10T00:33:21 EEST" duration-ms="90" status="PASS">
          <reporter-output>
          </reporter-output>
        </test-method> <!-- verifyRegistrationPageLoads -->
        <test-method is-config="true" signature="tearDown()[pri:0, instance:tests.RegistrationTest@700fb871]" started-at="2025-05-10T00:33:21 EEST" name="tearDown" finished-at="2025-05-10T00:33:25 EEST" duration-ms="3263" status="PASS">
          <reporter-output>
          </reporter-output>
        </test-method> <!-- tearDown -->
        <test-method is-config="true" signature="setUp(java.lang.String)[pri:0, instance:tests.RegistrationTest@700fb871]" started-at="2025-05-10T00:33:25 EEST" name="setUp" finished-at="2025-05-10T00:33:28 EEST" duration-ms="3295" status="PASS">
          <params>
            <param index="0">
              <value>
                <![CDATA[chrome]]>
              </value>
            </param>
          </params>
          <reporter-output>
          </reporter-output>
        </test-method> <!-- setUp -->
        <test-method is-config="true" signature="navigateToRegistration()[pri:0, instance:tests.RegistrationTest@700fb871]" started-at="2025-05-10T00:33:28 EEST" name="navigateToRegistration" finished-at="2025-05-10T00:33:29 EEST" duration-ms="671" status="PASS">
          <reporter-output>
          </reporter-output>
        </test-method> <!-- navigateToRegistration -->
        <test-method signature="testValidRegistration()[pri:2, instance:tests.RegistrationTest@700fb871]" started-at="2025-05-10T00:33:29 EEST" name="testValidRegistration" description="TC06: Submit form with valid details" finished-at="2025-05-10T00:33:30 EEST" duration-ms="1474" status="PASS">
          <reporter-output>
          </reporter-output>
        </test-method> <!-- testValidRegistration -->
        <test-method is-config="true" signature="tearDown()[pri:0, instance:tests.RegistrationTest@700fb871]" started-at="2025-05-10T00:33:30 EEST" name="tearDown" finished-at="2025-05-10T00:33:33 EEST" duration-ms="3394" status="PASS">
          <reporter-output>
          </reporter-output>
        </test-method> <!-- tearDown -->
        <test-method is-config="true" signature="setUp(java.lang.String)[pri:0, instance:tests.RegistrationTest@700fb871]" started-at="2025-05-10T00:33:33 EEST" name="setUp" finished-at="2025-05-10T00:33:37 EEST" duration-ms="3125" status="PASS">
          <params>
            <param index="0">
              <value>
                <![CDATA[chrome]]>
              </value>
            </param>
          </params>
          <reporter-output>
          </reporter-output>
        </test-method> <!-- setUp -->
        <test-method is-config="true" signature="navigateToRegistration()[pri:0, instance:tests.RegistrationTest@700fb871]" started-at="2025-05-10T00:33:37 EEST" name="navigateToRegistration" finished-at="2025-05-10T00:33:37 EEST" duration-ms="669" status="PASS">
          <reporter-output>
          </reporter-output>
        </test-method> <!-- navigateToRegistration -->
        <test-method signature="testMissingMandatoryFields()[pri:3, instance:tests.RegistrationTest@700fb871]" started-at="2025-05-10T00:33:37 EEST" name="testMissingMandatoryFields" description="TC07: Submit with missing fields" finished-at="2025-05-10T00:33:39 EEST" duration-ms="1445" status="PASS">
          <reporter-output>
          </reporter-output>
        </test-method> <!-- testMissingMandatoryFields -->
        <test-method is-config="true" signature="tearDown()[pri:0, instance:tests.RegistrationTest@700fb871]" started-at="2025-05-10T00:33:39 EEST" name="tearDown" finished-at="2025-05-10T00:33:42 EEST" duration-ms="3226" status="PASS">
          <reporter-output>
          </reporter-output>
        </test-method> <!-- tearDown -->
        <test-method is-config="true" signature="setUp(java.lang.String)[pri:0, instance:tests.RegistrationTest@700fb871]" started-at="2025-05-10T00:33:42 EEST" name="setUp" finished-at="2025-05-10T00:33:45 EEST" duration-ms="2845" status="PASS">
          <params>
            <param index="0">
              <value>
                <![CDATA[chrome]]>
              </value>
            </param>
          </params>
          <reporter-output>
          </reporter-output>
        </test-method> <!-- setUp -->
        <test-method is-config="true" signature="navigateToRegistration()[pri:0, instance:tests.RegistrationTest@700fb871]" started-at="2025-05-10T00:33:45 EEST" name="navigateToRegistration" finished-at="2025-05-10T00:33:45 EEST" duration-ms="707" status="PASS">
          <reporter-output>
          </reporter-output>
        </test-method> <!-- navigateToRegistration -->
        <test-method signature="testDuplicateUsername()[pri:4, instance:tests.RegistrationTest@700fb871]" started-at="2025-05-10T00:33:45 EEST" name="testDuplicateUsername" description="TC08: Register with taken username" finished-at="2025-05-10T00:33:47 EEST" depends-on-methods="tests.RegistrationTest.testValidRegistration" duration-ms="1467" status="PASS">
          <reporter-output>
          </reporter-output>
        </test-method> <!-- testDuplicateUsername -->
        <test-method is-config="true" signature="tearDown()[pri:0, instance:tests.RegistrationTest@700fb871]" started-at="2025-05-10T00:33:47 EEST" name="tearDown" finished-at="2025-05-10T00:33:50 EEST" duration-ms="3281" status="PASS">
          <reporter-output>
          </reporter-output>
        </test-method> <!-- tearDown -->
      </class> <!-- tests.RegistrationTest -->
    </test> <!-- Registration -->
    <test started-at="2025-05-10T00:33:50 EEST" name="Login" finished-at="2025-05-10T00:34:22 EEST" duration-ms="32123">
      <class name="tests.LoginTest">
        <test-method is-config="true" signature="setUp(java.lang.String)[pri:0, instance:tests.LoginTest@43015c69]" started-at="2025-05-10T00:33:50 EEST" name="setUp" finished-at="2025-05-10T00:33:53 EEST" duration-ms="3040" status="PASS">
          <params>
            <param index="0">
              <value>
                <![CDATA[chrome]]>
              </value>
            </param>
          </params>
          <reporter-output>
          </reporter-output>
        </test-method> <!-- setUp -->
        <test-method is-config="true" signature="navigateToLogin()[pri:0, instance:tests.LoginTest@43015c69]" started-at="2025-05-10T00:33:53 EEST" name="navigateToLogin" finished-at="2025-05-10T00:33:54 EEST" duration-ms="743" status="PASS">
          <reporter-output>
          </reporter-output>
        </test-method> <!-- navigateToLogin -->
        <test-method signature="testValidLogin()[pri:1, instance:tests.LoginTest@43015c69]" started-at="2025-05-10T00:33:54 EEST" name="testValidLogin" description="TC01: Verify valid login with correct credentials" finished-at="2025-05-10T00:33:56 EEST" duration-ms="1518" status="PASS">
          <reporter-output>
          </reporter-output>
        </test-method> <!-- testValidLogin -->
        <test-method is-config="true" signature="tearDown()[pri:0, instance:tests.LoginTest@43015c69]" started-at="2025-05-10T00:33:56 EEST" name="tearDown" finished-at="2025-05-10T00:33:59 EEST" duration-ms="3254" status="PASS">
          <reporter-output>
          </reporter-output>
        </test-method> <!-- tearDown -->
        <test-method is-config="true" signature="setUp(java.lang.String)[pri:0, instance:tests.LoginTest@43015c69]" started-at="2025-05-10T00:33:59 EEST" name="setUp" finished-at="2025-05-10T00:34:02 EEST" duration-ms="3021" status="PASS">
          <params>
            <param index="0">
              <value>
                <![CDATA[chrome]]>
              </value>
            </param>
          </params>
          <reporter-output>
          </reporter-output>
        </test-method> <!-- setUp -->
        <test-method is-config="true" signature="navigateToLogin()[pri:0, instance:tests.LoginTest@43015c69]" started-at="2025-05-10T00:34:02 EEST" name="navigateToLogin" finished-at="2025-05-10T00:34:03 EEST" duration-ms="737" status="PASS">
          <reporter-output>
          </reporter-output>
        </test-method> <!-- navigateToLogin -->
        <test-method signature="testInvalidLogin()[pri:2, instance:tests.LoginTest@43015c69]" started-at="2025-05-10T00:34:03 EEST" name="testInvalidLogin" description="TC02: Verify login fails with incorrect credentials" finished-at="2025-05-10T00:34:03 EEST" duration-ms="653" status="PASS">
          <reporter-output>
          </reporter-output>
        </test-method> <!-- testInvalidLogin -->
        <test-method is-config="true" signature="tearDown()[pri:0, instance:tests.LoginTest@43015c69]" started-at="2025-05-10T00:34:03 EEST" name="tearDown" finished-at="2025-05-10T00:34:07 EEST" duration-ms="3297" status="PASS">
          <reporter-output>
          </reporter-output>
        </test-method> <!-- tearDown -->
        <test-method is-config="true" signature="setUp(java.lang.String)[pri:0, instance:tests.LoginTest@43015c69]" started-at="2025-05-10T00:34:07 EEST" name="setUp" finished-at="2025-05-10T00:34:10 EEST" duration-ms="3146" status="PASS">
          <params>
            <param index="0">
              <value>
                <![CDATA[chrome]]>
              </value>
            </param>
          </params>
          <reporter-output>
          </reporter-output>
        </test-method> <!-- setUp -->
        <test-method is-config="true" signature="navigateToLogin()[pri:0, instance:tests.LoginTest@43015c69]" started-at="2025-05-10T00:34:10 EEST" name="navigateToLogin" finished-at="2025-05-10T00:34:11 EEST" duration-ms="1019" status="PASS">
          <reporter-output>
          </reporter-output>
        </test-method> <!-- navigateToLogin -->
        <test-method signature="testBlankCredentials()[pri:3, instance:tests.LoginTest@43015c69]" started-at="2025-05-10T00:34:11 EEST" name="testBlankCredentials" description="TC03: Verify login fails with blank credentials" finished-at="2025-05-10T00:34:11 EEST" duration-ms="512" status="PASS">
          <reporter-output>
          </reporter-output>
        </test-method> <!-- testBlankCredentials -->
        <test-method is-config="true" signature="tearDown()[pri:0, instance:tests.LoginTest@43015c69]" started-at="2025-05-10T00:34:11 EEST" name="tearDown" finished-at="2025-05-10T00:34:15 EEST" duration-ms="3262" status="PASS">
          <reporter-output>
          </reporter-output>
        </test-method> <!-- tearDown -->
        <test-method is-config="true" signature="setUp(java.lang.String)[pri:0, instance:tests.LoginTest@43015c69]" started-at="2025-05-10T00:34:15 EEST" name="setUp" finished-at="2025-05-10T00:34:17 EEST" duration-ms="2885" status="PASS">
          <params>
            <param index="0">
              <value>
                <![CDATA[chrome]]>
              </value>
            </param>
          </params>
          <reporter-output>
          </reporter-output>
        </test-method> <!-- setUp -->
        <test-method is-config="true" signature="navigateToLogin()[pri:0, instance:tests.LoginTest@43015c69]" started-at="2025-05-10T00:34:17 EEST" name="navigateToLogin" finished-at="2025-05-10T00:34:18 EEST" duration-ms="739" status="PASS">
          <reporter-output>
          </reporter-output>
        </test-method> <!-- navigateToLogin -->
        <test-method signature="testErrorMessageContent()[pri:4, instance:tests.LoginTest@43015c69]" started-at="2025-05-10T00:34:18 EEST" name="testErrorMessageContent" description="TC04: Validate error message on failed login" finished-at="2025-05-10T00:34:19 EEST" duration-ms="704" status="FAIL">
          <exception class="java.lang.AssertionError">
            <message>
              <![CDATA[Error message text not as expected. Actual: The username and password could not be verified. expected [true] but found [false]]]>
            </message>
            <full-stacktrace>
              <![CDATA[java.lang.AssertionError: Error message text not as expected. Actual: The username and password could not be verified. expected [true] but found [false]
at org.testng.Assert.fail(Assert.java:111)
at org.testng.Assert.failNotEquals(Assert.java:1590)
at org.testng.Assert.assertTrue(Assert.java:57)
at tests.LoginTest.testErrorMessageContent(LoginTest.java:46)
at java.base/jdk.internal.reflect.DirectMethodHandleAccessor.invoke(DirectMethodHandleAccessor.java:103)
at java.base/java.lang.reflect.Method.invoke(Method.java:580)
at org.testng.internal.invokers.MethodInvocationHelper.invokeMethod(MethodInvocationHelper.java:141)
at org.testng.internal.invokers.TestInvoker.invokeMethod(TestInvoker.java:687)
at org.testng.internal.invokers.TestInvoker.invokeTestMethod(TestInvoker.java:230)
at org.testng.internal.invokers.MethodRunner.runInSequence(MethodRunner.java:63)
at org.testng.internal.invokers.TestInvoker$MethodInvocationAgent.invoke(TestInvoker.java:995)
at org.testng.internal.invokers.TestInvoker.invokeTestMethods(TestInvoker.java:203)
at org.testng.internal.invokers.TestMethodWorker.invokeTestMethods(TestMethodWorker.java:154)
at org.testng.internal.invokers.TestMethodWorker.run(TestMethodWorker.java:134)
at java.base/java.util.ArrayList.forEach(ArrayList.java:1596)
at org.testng.TestRunner.privateRun(TestRunner.java:741)
at org.testng.TestRunner.run(TestRunner.java:616)
at org.testng.SuiteRunner.runTest(SuiteRunner.java:421)
at org.testng.SuiteRunner.runSequentially(SuiteRunner.java:413)
at org.testng.SuiteRunner.privateRun(SuiteRunner.java:373)
at org.testng.SuiteRunner.run(SuiteRunner.java:312)
at org.testng.SuiteRunnerWorker.runSuite(SuiteRunnerWorker.java:52)
at org.testng.SuiteRunnerWorker.run(SuiteRunnerWorker.java:95)
at org.testng.TestNG.runSuitesSequentially(TestNG.java:1274)
at org.testng.TestNG.runSuitesLocally(TestNG.java:1208)
at org.testng.TestNG.runSuites(TestNG.java:1112)
at org.testng.TestNG.run(TestNG.java:1079)
at org.testng.remote.AbstractRemoteTestNG.run(AbstractRemoteTestNG.java:115)
at org.testng.remote.RemoteTestNG.initAndRun(RemoteTestNG.java:293)
at org.testng.remote.RemoteTestNG.main(RemoteTestNG.java:91)
]]>
            </full-stacktrace>
          </exception> <!-- java.lang.AssertionError -->
          <reporter-output>
          </reporter-output>
        </test-method> <!-- testErrorMessageContent -->
        <test-method is-config="true" signature="tearDown()[pri:0, instance:tests.LoginTest@43015c69]" started-at="2025-05-10T00:34:19 EEST" name="tearDown" finished-at="2025-05-10T00:34:22 EEST" duration-ms="3478" status="PASS">
          <reporter-output>
          </reporter-output>
        </test-method> <!-- tearDown -->
      </class> <!-- tests.LoginTest -->
    </test> <!-- Login -->
    <test started-at="2025-05-10T00:34:22 EEST" name="Open Account" finished-at="2025-05-10T00:35:12 EEST" duration-ms="49199">
      <class name="tests.OpenAccountTest">
        <test-method is-config="true" signature="setUp(java.lang.String)[pri:0, instance:tests.OpenAccountTest@3336e6b6]" started-at="2025-05-10T00:34:22 EEST" name="setUp" finished-at="2025-05-10T00:34:26 EEST" duration-ms="3345" status="PASS">
          <params>
            <param index="0">
              <value>
                <![CDATA[chrome]]>
              </value>
            </param>
          </params>
          <reporter-output>
          </reporter-output>
        </test-method> <!-- setUp -->
        <test-method is-config="true" signature="login()[pri:0, instance:tests.OpenAccountTest@3336e6b6]" started-at="2025-05-10T00:34:26 EEST" name="login" finished-at="2025-05-10T00:34:27 EEST" duration-ms="906" status="PASS">
          <reporter-output>
          </reporter-output>
        </test-method> <!-- login -->
        <test-method signature="TC12_NavigateToOpenAccountPage()[pri:1, instance:tests.OpenAccountTest@3336e6b6]" started-at="2025-05-10T00:34:27 EEST" name="TC12_NavigateToOpenAccountPage" finished-at="2025-05-10T00:34:27 EEST" duration-ms="691" status="PASS">
          <reporter-output>
          </reporter-output>
        </test-method> <!-- TC12_NavigateToOpenAccountPage -->
        <test-method is-config="true" signature="tearDown()[pri:0, instance:tests.OpenAccountTest@3336e6b6]" started-at="2025-05-10T00:34:27 EEST" name="tearDown" finished-at="2025-05-10T00:34:31 EEST" duration-ms="3267" status="PASS">
          <reporter-output>
          </reporter-output>
        </test-method> <!-- tearDown -->
        <test-method is-config="true" signature="setUp(java.lang.String)[pri:0, instance:tests.OpenAccountTest@3336e6b6]" started-at="2025-05-10T00:34:31 EEST" name="setUp" finished-at="2025-05-10T00:34:34 EEST" duration-ms="3057" status="PASS">
          <params>
            <param index="0">
              <value>
                <![CDATA[chrome]]>
              </value>
            </param>
          </params>
          <reporter-output>
          </reporter-output>
        </test-method> <!-- setUp -->
        <test-method is-config="true" signature="login()[pri:0, instance:tests.OpenAccountTest@3336e6b6]" started-at="2025-05-10T00:34:34 EEST" name="login" finished-at="2025-05-10T00:34:35 EEST" duration-ms="940" status="PASS">
          <reporter-output>
          </reporter-output>
        </test-method> <!-- login -->
        <test-method signature="TC13_OpenCheckingAccount()[pri:2, instance:tests.OpenAccountTest@3336e6b6]" started-at="2025-05-10T00:34:35 EEST" name="TC13_OpenCheckingAccount" finished-at="2025-05-10T00:34:36 EEST" duration-ms="821" status="FAIL">
          <exception class="org.openqa.selenium.NoSuchElementException">
            <message>
              <![CDATA[Cannot locate option with index: 0
For documentation on this error, please visit: https://www.selenium.dev/documentation/webdriver/troubleshooting/errors#no-such-element-exception
Build info: version: '4.31.0', revision: '4ae8fc9f8a'
System info: os.name: 'Windows 11', os.arch: 'amd64', os.version: '10.0', java.version: '21.0.6'
Driver info: driver.version: unknown]]>
            </message>
            <full-stacktrace>
              <![CDATA[org.openqa.selenium.NoSuchElementException: Cannot locate option with index: 0
For documentation on this error, please visit: https://www.selenium.dev/documentation/webdriver/troubleshooting/errors#no-such-element-exception
Build info: version: '4.31.0', revision: '4ae8fc9f8a'
System info: os.name: 'Windows 11', os.arch: 'amd64', os.version: '10.0', java.version: '21.0.6'
Driver info: driver.version: unknown
at org.openqa.selenium.support.ui.Select.setSelectedByIndex(Select.java:407)
at org.openqa.selenium.support.ui.Select.selectByIndex(Select.java:262)
at pages.OpenAccountPage.selectFirstAccount(OpenAccountPage.java:31)
at tests.OpenAccountTest.TC13_OpenCheckingAccount(OpenAccountTest.java:29)
at java.base/jdk.internal.reflect.DirectMethodHandleAccessor.invoke(DirectMethodHandleAccessor.java:103)
at java.base/java.lang.reflect.Method.invoke(Method.java:580)
at org.testng.internal.invokers.MethodInvocationHelper.invokeMethod(MethodInvocationHelper.java:141)
at org.testng.internal.invokers.TestInvoker.invokeMethod(TestInvoker.java:687)
at org.testng.internal.invokers.TestInvoker.invokeTestMethod(TestInvoker.java:230)
at org.testng.internal.invokers.MethodRunner.runInSequence(MethodRunner.java:63)
at org.testng.internal.invokers.TestInvoker$MethodInvocationAgent.invoke(TestInvoker.java:995)
at org.testng.internal.invokers.TestInvoker.invokeTestMethods(TestInvoker.java:203)
at org.testng.internal.invokers.TestMethodWorker.invokeTestMethods(TestMethodWorker.java:154)
at org.testng.internal.invokers.TestMethodWorker.run(TestMethodWorker.java:134)
at java.base/java.util.ArrayList.forEach(ArrayList.java:1596)
at org.testng.TestRunner.privateRun(TestRunner.java:741)
at org.testng.TestRunner.run(TestRunner.java:616)
at org.testng.SuiteRunner.runTest(SuiteRunner.java:421)
at org.testng.SuiteRunner.runSequentially(SuiteRunner.java:413)
at org.testng.SuiteRunner.privateRun(SuiteRunner.java:373)
at org.testng.SuiteRunner.run(SuiteRunner.java:312)
at org.testng.SuiteRunnerWorker.runSuite(SuiteRunnerWorker.java:52)
at org.testng.SuiteRunnerWorker.run(SuiteRunnerWorker.java:95)
at org.testng.TestNG.runSuitesSequentially(TestNG.java:1274)
at org.testng.TestNG.runSuitesLocally(TestNG.java:1208)
at org.testng.TestNG.runSuites(TestNG.java:1112)
at org.testng.TestNG.run(TestNG.java:1079)
at org.testng.remote.AbstractRemoteTestNG.run(AbstractRemoteTestNG.java:115)
at org.testng.remote.RemoteTestNG.initAndRun(RemoteTestNG.java:293)
at org.testng.remote.RemoteTestNG.main(RemoteTestNG.java:91)
]]>
            </full-stacktrace>
          </exception> <!-- org.openqa.selenium.NoSuchElementException -->
          <reporter-output>
          </reporter-output>
        </test-method> <!-- TC13_OpenCheckingAccount -->
        <test-method is-config="true" signature="tearDown()[pri:0, instance:tests.OpenAccountTest@3336e6b6]" started-at="2025-05-10T00:34:36 EEST" name="tearDown" finished-at="2025-05-10T00:34:39 EEST" duration-ms="3232" status="PASS">
          <reporter-output>
          </reporter-output>
        </test-method> <!-- tearDown -->
        <test-method is-config="true" signature="setUp(java.lang.String)[pri:0, instance:tests.OpenAccountTest@3336e6b6]" started-at="2025-05-10T00:34:39 EEST" name="setUp" finished-at="2025-05-10T00:34:42 EEST" duration-ms="2855" status="PASS">
          <params>
            <param index="0">
              <value>
                <![CDATA[chrome]]>
              </value>
            </param>
          </params>
          <reporter-output>
          </reporter-output>
        </test-method> <!-- setUp -->
        <test-method is-config="true" signature="login()[pri:0, instance:tests.OpenAccountTest@3336e6b6]" started-at="2025-05-10T00:34:42 EEST" name="login" finished-at="2025-05-10T00:34:43 EEST" duration-ms="1202" status="PASS">
          <reporter-output>
          </reporter-output>
        </test-method> <!-- login -->
        <test-method signature="TC14_VerifyAccountInOverview()[pri:3, instance:tests.OpenAccountTest@3336e6b6]" started-at="2025-05-10T00:34:43 EEST" name="TC14_VerifyAccountInOverview" finished-at="2025-05-10T00:34:43 EEST" duration-ms="476" status="FAIL">
          <exception class="org.openqa.selenium.NoSuchElementException">
            <message>
              <![CDATA[Cannot locate option with index: 0
For documentation on this error, please visit: https://www.selenium.dev/documentation/webdriver/troubleshooting/errors#no-such-element-exception
Build info: version: '4.31.0', revision: '4ae8fc9f8a'
System info: os.name: 'Windows 11', os.arch: 'amd64', os.version: '10.0', java.version: '21.0.6'
Driver info: driver.version: unknown]]>
            </message>
            <full-stacktrace>
              <![CDATA[org.openqa.selenium.NoSuchElementException: Cannot locate option with index: 0
For documentation on this error, please visit: https://www.selenium.dev/documentation/webdriver/troubleshooting/errors#no-such-element-exception
Build info: version: '4.31.0', revision: '4ae8fc9f8a'
System info: os.name: 'Windows 11', os.arch: 'amd64', os.version: '10.0', java.version: '21.0.6'
Driver info: driver.version: unknown
at org.openqa.selenium.support.ui.Select.setSelectedByIndex(Select.java:407)
at org.openqa.selenium.support.ui.Select.selectByIndex(Select.java:262)
at pages.OpenAccountPage.selectFirstAccount(OpenAccountPage.java:31)
at tests.OpenAccountTest.TC14_VerifyAccountInOverview(OpenAccountTest.java:39)
at java.base/jdk.internal.reflect.DirectMethodHandleAccessor.invoke(DirectMethodHandleAccessor.java:103)
at java.base/java.lang.reflect.Method.invoke(Method.java:580)
at org.testng.internal.invokers.MethodInvocationHelper.invokeMethod(MethodInvocationHelper.java:141)
at org.testng.internal.invokers.TestInvoker.invokeMethod(TestInvoker.java:687)
at org.testng.internal.invokers.TestInvoker.invokeTestMethod(TestInvoker.java:230)
at org.testng.internal.invokers.MethodRunner.runInSequence(MethodRunner.java:63)
at org.testng.internal.invokers.TestInvoker$MethodInvocationAgent.invoke(TestInvoker.java:995)
at org.testng.internal.invokers.TestInvoker.invokeTestMethods(TestInvoker.java:203)
at org.testng.internal.invokers.TestMethodWorker.invokeTestMethods(TestMethodWorker.java:154)
at org.testng.internal.invokers.TestMethodWorker.run(TestMethodWorker.java:134)
at java.base/java.util.ArrayList.forEach(ArrayList.java:1596)
at org.testng.TestRunner.privateRun(TestRunner.java:741)
at org.testng.TestRunner.run(TestRunner.java:616)
at org.testng.SuiteRunner.runTest(SuiteRunner.java:421)
at org.testng.SuiteRunner.runSequentially(SuiteRunner.java:413)
at org.testng.SuiteRunner.privateRun(SuiteRunner.java:373)
at org.testng.SuiteRunner.run(SuiteRunner.java:312)
at org.testng.SuiteRunnerWorker.runSuite(SuiteRunnerWorker.java:52)
at org.testng.SuiteRunnerWorker.run(SuiteRunnerWorker.java:95)
at org.testng.TestNG.runSuitesSequentially(TestNG.java:1274)
at org.testng.TestNG.runSuitesLocally(TestNG.java:1208)
at org.testng.TestNG.runSuites(TestNG.java:1112)
at org.testng.TestNG.run(TestNG.java:1079)
at org.testng.remote.AbstractRemoteTestNG.run(AbstractRemoteTestNG.java:115)
at org.testng.remote.RemoteTestNG.initAndRun(RemoteTestNG.java:293)
at org.testng.remote.RemoteTestNG.main(RemoteTestNG.java:91)
]]>
            </full-stacktrace>
          </exception> <!-- org.openqa.selenium.NoSuchElementException -->
          <reporter-output>
          </reporter-output>
        </test-method> <!-- TC14_VerifyAccountInOverview -->
        <test-method is-config="true" signature="tearDown()[pri:0, instance:tests.OpenAccountTest@3336e6b6]" started-at="2025-05-10T00:34:43 EEST" name="tearDown" finished-at="2025-05-10T00:34:47 EEST" duration-ms="3246" status="PASS">
          <reporter-output>
          </reporter-output>
        </test-method> <!-- tearDown -->
        <test-method is-config="true" signature="setUp(java.lang.String)[pri:0, instance:tests.OpenAccountTest@3336e6b6]" started-at="2025-05-10T00:34:47 EEST" name="setUp" finished-at="2025-05-10T00:34:51 EEST" duration-ms="4194" status="PASS">
          <params>
            <param index="0">
              <value>
                <![CDATA[chrome]]>
              </value>
            </param>
          </params>
          <reporter-output>
          </reporter-output>
        </test-method> <!-- setUp -->
        <test-method is-config="true" signature="login()[pri:0, instance:tests.OpenAccountTest@3336e6b6]" started-at="2025-05-10T00:34:51 EEST" name="login" finished-at="2025-05-10T00:34:52 EEST" duration-ms="1509" status="PASS">
          <reporter-output>
          </reporter-output>
        </test-method> <!-- login -->
        <test-method signature="TC15_NavigateToTransferFunds()[pri:4, instance:tests.OpenAccountTest@3336e6b6]" started-at="2025-05-10T00:34:52 EEST" name="TC15_NavigateToTransferFunds" finished-at="2025-05-10T00:34:53 EEST" duration-ms="367" status="PASS">
          <reporter-output>
          </reporter-output>
        </test-method> <!-- TC15_NavigateToTransferFunds -->
        <test-method is-config="true" signature="tearDown()[pri:0, instance:tests.OpenAccountTest@3336e6b6]" started-at="2025-05-10T00:34:53 EEST" name="tearDown" finished-at="2025-05-10T00:34:56 EEST" duration-ms="3224" status="PASS">
          <reporter-output>
          </reporter-output>
        </test-method> <!-- tearDown -->
        <test-method is-config="true" signature="setUp(java.lang.String)[pri:0, instance:tests.OpenAccountTest@3336e6b6]" started-at="2025-05-10T00:34:56 EEST" name="setUp" finished-at="2025-05-10T00:34:59 EEST" duration-ms="3162" status="PASS">
          <params>
            <param index="0">
              <value>
                <![CDATA[chrome]]>
              </value>
            </param>
          </params>
          <reporter-output>
          </reporter-output>
        </test-method> <!-- setUp -->
        <test-method is-config="true" signature="login()[pri:0, instance:tests.OpenAccountTest@3336e6b6]" started-at="2025-05-10T00:34:59 EEST" name="login" finished-at="2025-05-10T00:35:00 EEST" duration-ms="1190" status="PASS">
          <reporter-output>
          </reporter-output>
        </test-method> <!-- login -->
        <test-method signature="TC16_TransferFunds()[pri:5, instance:tests.OpenAccountTest@3336e6b6]" started-at="2025-05-10T00:35:00 EEST" name="TC16_TransferFunds" finished-at="2025-05-10T00:35:01 EEST" duration-ms="560" status="FAIL">
          <exception class="java.lang.AssertionError">
            <message>
              <![CDATA[Transfer failed expected [true] but found [false]]]>
            </message>
            <full-stacktrace>
              <![CDATA[java.lang.AssertionError: Transfer failed expected [true] but found [false]
at org.testng.Assert.fail(Assert.java:111)
at org.testng.Assert.failNotEquals(Assert.java:1590)
at org.testng.Assert.assertTrue(Assert.java:57)
at tests.OpenAccountTest.TC16_TransferFunds(OpenAccountTest.java:61)
at java.base/jdk.internal.reflect.DirectMethodHandleAccessor.invoke(DirectMethodHandleAccessor.java:103)
at java.base/java.lang.reflect.Method.invoke(Method.java:580)
at org.testng.internal.invokers.MethodInvocationHelper.invokeMethod(MethodInvocationHelper.java:141)
at org.testng.internal.invokers.TestInvoker.invokeMethod(TestInvoker.java:687)
at org.testng.internal.invokers.TestInvoker.invokeTestMethod(TestInvoker.java:230)
at org.testng.internal.invokers.MethodRunner.runInSequence(MethodRunner.java:63)
at org.testng.internal.invokers.TestInvoker$MethodInvocationAgent.invoke(TestInvoker.java:995)
at org.testng.internal.invokers.TestInvoker.invokeTestMethods(TestInvoker.java:203)
at org.testng.internal.invokers.TestMethodWorker.invokeTestMethods(TestMethodWorker.java:154)
at org.testng.internal.invokers.TestMethodWorker.run(TestMethodWorker.java:134)
at java.base/java.util.ArrayList.forEach(ArrayList.java:1596)
at org.testng.TestRunner.privateRun(TestRunner.java:741)
at org.testng.TestRunner.run(TestRunner.java:616)
at org.testng.SuiteRunner.runTest(SuiteRunner.java:421)
at org.testng.SuiteRunner.runSequentially(SuiteRunner.java:413)
at org.testng.SuiteRunner.privateRun(SuiteRunner.java:373)
at org.testng.SuiteRunner.run(SuiteRunner.java:312)
at org.testng.SuiteRunnerWorker.runSuite(SuiteRunnerWorker.java:52)
at org.testng.SuiteRunnerWorker.run(SuiteRunnerWorker.java:95)
at org.testng.TestNG.runSuitesSequentially(TestNG.java:1274)
at org.testng.TestNG.runSuitesLocally(TestNG.java:1208)
at org.testng.TestNG.runSuites(TestNG.java:1112)
at org.testng.TestNG.run(TestNG.java:1079)
at org.testng.remote.AbstractRemoteTestNG.run(AbstractRemoteTestNG.java:115)
at org.testng.remote.RemoteTestNG.initAndRun(RemoteTestNG.java:293)
at org.testng.remote.RemoteTestNG.main(RemoteTestNG.java:91)
]]>
            </full-stacktrace>
          </exception> <!-- java.lang.AssertionError -->
          <reporter-output>
          </reporter-output>
        </test-method> <!-- TC16_TransferFunds -->
        <test-method is-config="true" signature="tearDown()[pri:0, instance:tests.OpenAccountTest@3336e6b6]" started-at="2025-05-10T00:35:01 EEST" name="tearDown" finished-at="2025-05-10T00:35:04 EEST" duration-ms="3239" status="PASS">
          <reporter-output>
          </reporter-output>
        </test-method> <!-- tearDown -->
        <test-method is-config="true" signature="setUp(java.lang.String)[pri:0, instance:tests.OpenAccountTest@3336e6b6]" started-at="2025-05-10T00:35:04 EEST" name="setUp" finished-at="2025-05-10T00:35:07 EEST" duration-ms="2556" status="PASS">
          <params>
            <param index="0">
              <value>
                <![CDATA[chrome]]>
              </value>
            </param>
          </params>
          <reporter-output>
          </reporter-output>
        </test-method> <!-- setUp -->
        <test-method is-config="true" signature="login()[pri:0, instance:tests.OpenAccountTest@3336e6b6]" started-at="2025-05-10T00:35:07 EEST" name="login" finished-at="2025-05-10T00:35:08 EEST" duration-ms="1239" status="PASS">
          <reporter-output>
          </reporter-output>
        </test-method> <!-- login -->
        <test-method signature="TC17_TransferValidation()[pri:6, instance:tests.OpenAccountTest@3336e6b6]" started-at="2025-05-10T00:35:08 EEST" name="TC17_TransferValidation" finished-at="2025-05-10T00:35:08 EEST" duration-ms="455" status="FAIL">
          <exception class="org.openqa.selenium.NoSuchElementException">
            <message>
              <![CDATA[no such element: Unable to locate element: {"method":"xpath","selector":"//span[@id='amount.errors']"}
  (Session info: chrome=136.0.7103.93)
For documentation on this error, please visit: https://www.selenium.dev/documentation/webdriver/troubleshooting/errors#no-such-element-exception
Build info: version: '4.31.0', revision: '4ae8fc9f8a'
System info: os.name: 'Windows 11', os.arch: 'amd64', os.version: '10.0', java.version: '21.0.6'
Driver info: org.openqa.selenium.chrome.ChromeDriver
Command: [59bdc9cb34a2ae23472014f595f7a0bf, findElement {value=//span[@id='amount.errors'], using=xpath}]
Capabilities {acceptInsecureCerts: false, browserName: chrome, browserVersion: 136.0.7103.93, chrome: {chromedriverVersion: 135.0.7049.95 (de2eb485a195..., userDataDir: C:\Users\Roaa\AppData\Local...}, fedcm:accounts: true, goog:chromeOptions: {debuggerAddress: localhost:64326}, networkConnectionEnabled: false, pageLoadStrategy: normal, platformName: windows, proxy: Proxy(), se:cdp: ws://localhost:64326/devtoo..., se:cdpVersion: 136.0.7103.93, setWindowRect: true, strictFileInteractability: false, timeouts: {implicit: 0, pageLoad: 300000, script: 30000}, unhandledPromptBehavior: dismiss and notify, webauthn:extension:credBlob: true, webauthn:extension:largeBlob: true, webauthn:extension:minPinLength: true, webauthn:extension:prf: true, webauthn:virtualAuthenticators: true}
Session ID: 59bdc9cb34a2ae23472014f595f7a0bf]]>
            </message>
            <full-stacktrace>
              <![CDATA[org.openqa.selenium.NoSuchElementException: no such element: Unable to locate element: {"method":"xpath","selector":"//span[@id='amount.errors']"}
  (Session info: chrome=136.0.7103.93)
For documentation on this error, please visit: https://www.selenium.dev/documentation/webdriver/troubleshooting/errors#no-such-element-exception
Build info: version: '4.31.0', revision: '4ae8fc9f8a'
System info: os.name: 'Windows 11', os.arch: 'amd64', os.version: '10.0', java.version: '21.0.6'
Driver info: org.openqa.selenium.chrome.ChromeDriver
Command: [59bdc9cb34a2ae23472014f595f7a0bf, findElement {value=//span[@id='amount.errors'], using=xpath}]
Capabilities {acceptInsecureCerts: false, browserName: chrome, browserVersion: 136.0.7103.93, chrome: {chromedriverVersion: 135.0.7049.95 (de2eb485a195..., userDataDir: C:\Users\Roaa\AppData\Local...}, fedcm:accounts: true, goog:chromeOptions: {debuggerAddress: localhost:64326}, networkConnectionEnabled: false, pageLoadStrategy: normal, platformName: windows, proxy: Proxy(), se:cdp: ws://localhost:64326/devtoo..., se:cdpVersion: 136.0.7103.93, setWindowRect: true, strictFileInteractability: false, timeouts: {implicit: 0, pageLoad: 300000, script: 30000}, unhandledPromptBehavior: dismiss and notify, webauthn:extension:credBlob: true, webauthn:extension:largeBlob: true, webauthn:extension:minPinLength: true, webauthn:extension:prf: true, webauthn:virtualAuthenticators: true}
Session ID: 59bdc9cb34a2ae23472014f595f7a0bf
at java.base/jdk.internal.reflect.DirectConstructorHandleAccessor.newInstance(DirectConstructorHandleAccessor.java:62)
at java.base/java.lang.reflect.Constructor.newInstanceWithCaller(Constructor.java:502)
at java.base/java.lang.reflect.Constructor.newInstance(Constructor.java:486)
at org.openqa.selenium.remote.ErrorCodec.decode(ErrorCodec.java:167)
at org.openqa.selenium.remote.codec.w3c.W3CHttpResponseCodec.decode(W3CHttpResponseCodec.java:138)
at org.openqa.selenium.remote.codec.w3c.W3CHttpResponseCodec.decode(W3CHttpResponseCodec.java:50)
at org.openqa.selenium.remote.HttpCommandExecutor.execute(HttpCommandExecutor.java:215)
at org.openqa.selenium.remote.service.DriverCommandExecutor.invokeExecute(DriverCommandExecutor.java:216)
at org.openqa.selenium.remote.service.DriverCommandExecutor.execute(DriverCommandExecutor.java:174)
at org.openqa.selenium.remote.RemoteWebDriver.execute(RemoteWebDriver.java:545)
at org.openqa.selenium.remote.ElementLocation$ElementFinder$2.findElement(ElementLocation.java:165)
at org.openqa.selenium.remote.ElementLocation.findElement(ElementLocation.java:59)
at org.openqa.selenium.remote.RemoteWebDriver.findElement(RemoteWebDriver.java:368)
at org.openqa.selenium.remote.RemoteWebDriver.findElement(RemoteWebDriver.java:362)
at tests.OpenAccountTest.TC17_TransferValidation(OpenAccountTest.java:69)
at java.base/jdk.internal.reflect.DirectMethodHandleAccessor.invoke(DirectMethodHandleAccessor.java:103)
at java.base/java.lang.reflect.Method.invoke(Method.java:580)
at org.testng.internal.invokers.MethodInvocationHelper.invokeMethod(MethodInvocationHelper.java:141)
at org.testng.internal.invokers.TestInvoker.invokeMethod(TestInvoker.java:687)
at org.testng.internal.invokers.TestInvoker.invokeTestMethod(TestInvoker.java:230)
at org.testng.internal.invokers.MethodRunner.runInSequence(MethodRunner.java:63)
at org.testng.internal.invokers.TestInvoker$MethodInvocationAgent.invoke(TestInvoker.java:995)
at org.testng.internal.invokers.TestInvoker.invokeTestMethods(TestInvoker.java:203)
at org.testng.internal.invokers.TestMethodWorker.invokeTestMethods(TestMethodWorker.java:154)
at org.testng.internal.invokers.TestMethodWorker.run(TestMethodWorker.java:134)
at java.base/java.util.ArrayList.forEach(ArrayList.java:1596)
at org.testng.TestRunner.privateRun(TestRunner.java:741)
at org.testng.TestRunner.run(TestRunner.java:616)
at org.testng.SuiteRunner.runTest(SuiteRunner.java:421)
at org.testng.SuiteRunner.runSequentially(SuiteRunner.java:413)
at org.testng.SuiteRunner.privateRun(SuiteRunner.java:373)
at org.testng.SuiteRunner.run(SuiteRunner.java:312)
at org.testng.SuiteRunnerWorker.runSuite(SuiteRunnerWorker.java:52)
at org.testng.SuiteRunnerWorker.run(SuiteRunnerWorker.java:95)
at org.testng.TestNG.runSuitesSequentially(TestNG.java:1274)
at org.testng.TestNG.runSuitesLocally(TestNG.java:1208)
at org.testng.TestNG.runSuites(TestNG.java:1112)
at org.testng.TestNG.run(TestNG.java:1079)
at org.testng.remote.AbstractRemoteTestNG.run(AbstractRemoteTestNG.java:115)
at org.testng.remote.RemoteTestNG.initAndRun(RemoteTestNG.java:293)
at org.testng.remote.RemoteTestNG.main(RemoteTestNG.java:91)
]]>
            </full-stacktrace>
          </exception> <!-- org.openqa.selenium.NoSuchElementException -->
          <reporter-output>
          </reporter-output>
        </test-method> <!-- TC17_TransferValidation -->
        <test-method is-config="true" signature="tearDown()[pri:0, instance:tests.OpenAccountTest@3336e6b6]" started-at="2025-05-10T00:35:08 EEST" name="tearDown" finished-at="2025-05-10T00:35:12 EEST" duration-ms="3231" status="PASS">
          <reporter-output>
          </reporter-output>
        </test-method> <!-- tearDown -->
      </class> <!-- tests.OpenAccountTest -->
    </test> <!-- Open Account -->
  </suite> <!-- Parabank Tests -->
</testng-results>
